2026-06-30 19:48:56 [INFO] root: MissionGrid 启动，日志文件: D:\00Ai\Agents\MimoCode\workspace\ticup\mission_grid\log\mission_grid_20260630_194856.log
2026-06-30 19:48:56 [INFO] mission_grid_app.main: MissionGrid 地面站启动中...
2026-06-30 19:48:56 [INFO] mission_grid_app.main: 创建主窗口...
2026-06-30 19:48:57 [INFO] mission_grid_app.main: 进入事件循环
2026-06-30 19:49:03 [DEBUG] paramiko.transport: starting thread (client mode): 0x6c56d160
2026-06-30 19:49:03 [DEBUG] paramiko.transport: Local version/idstring: SSH-2.0-paramiko_5.0.0
2026-06-30 19:49:03 [DEBUG] paramiko.transport: Remote version/idstring: SSH-2.0-OpenSSH_8.2p1 Ubuntu-4ubuntu0.11
2026-06-30 19:49:03 [INFO] paramiko.transport: Connected (version 2.0, client OpenSSH_8.2p1)
2026-06-30 19:49:03 [DEBUG] paramiko.transport: === Key exchange possibilities ===
2026-06-30 19:49:03 [DEBUG] paramiko.transport: kex algos: curve25519-sha256, curve25519-sha256@libssh.org, ecdh-sha2-nistp256, ecdh-sha2-nistp384, ecdh-sha2-nistp521, diffie-hellman-group-exchange-sha256, diffie-hellman-group16-sha512, diffie-hellman-group18-sha512, diffie-hellman-group14-sha256, kex-strict-s-v00@openssh.com
2026-06-30 19:49:03 [DEBUG] paramiko.transport: server key: rsa-sha2-512, rsa-sha2-256, ssh-rsa, ecdsa-sha2-nistp256, ssh-ed25519
2026-06-30 19:49:03 [DEBUG] paramiko.transport: client encrypt: chacha20-poly1305@openssh.com, aes128-ctr, aes192-ctr, aes256-ctr, aes128-gcm@openssh.com, aes256-gcm@openssh.com
2026-06-30 19:49:03 [DEBUG] paramiko.transport: server encrypt: chacha20-poly1305@openssh.com, aes128-ctr, aes192-ctr, aes256-ctr, aes128-gcm@openssh.com, aes256-gcm@openssh.com
2026-06-30 19:49:03 [DEBUG] paramiko.transport: client mac: umac-64-etm@openssh.com, umac-128-etm@openssh.com, hmac-sha2-256-etm@openssh.com, hmac-sha2-512-etm@openssh.com, hmac-sha1-etm@openssh.com, umac-64@openssh.com, umac-128@openssh.com, hmac-sha2-256, hmac-sha2-512, hmac-sha1
2026-06-30 19:49:03 [DEBUG] paramiko.transport: server mac: umac-64-etm@openssh.com, umac-128-etm@openssh.com, hmac-sha2-256-etm@openssh.com, hmac-sha2-512-etm@openssh.com, hmac-sha1-etm@openssh.com, umac-64@openssh.com, umac-128@openssh.com, hmac-sha2-256, hmac-sha2-512, hmac-sha1
2026-06-30 19:49:03 [DEBUG] paramiko.transport: client compress: none, zlib@openssh.com
2026-06-30 19:49:03 [DEBUG] paramiko.transport: server compress: none, zlib@openssh.com
2026-06-30 19:49:03 [DEBUG] paramiko.transport: client lang: <none>
2026-06-30 19:49:03 [DEBUG] paramiko.transport: server lang: <none>
2026-06-30 19:49:03 [DEBUG] paramiko.transport: kex follows: False
2026-06-30 19:49:03 [DEBUG] paramiko.transport: === Key exchange agreements ===
2026-06-30 19:49:03 [DEBUG] paramiko.transport: Strict kex mode: True
2026-06-30 19:49:03 [DEBUG] paramiko.transport: Kex: curve25519-sha256@libssh.org
2026-06-30 19:49:03 [DEBUG] paramiko.transport: HostKey: ssh-ed25519
2026-06-30 19:49:03 [DEBUG] paramiko.transport: Cipher: aes128-ctr
2026-06-30 19:49:03 [DEBUG] paramiko.transport: MAC: hmac-sha2-256
2026-06-30 19:49:03 [DEBUG] paramiko.transport: Compression: none
2026-06-30 19:49:03 [DEBUG] paramiko.transport: === End of kex handshake ===
2026-06-30 19:49:03 [DEBUG] paramiko.transport: Resetting outbound seqno after NEWKEYS due to strict mode
2026-06-30 19:49:03 [DEBUG] paramiko.transport: kex engine KexCurve25519 specified hash_algo <built-in function openssl_sha256>
2026-06-30 19:49:03 [DEBUG] paramiko.transport: Switch to new keys ...
2026-06-30 19:49:03 [DEBUG] paramiko.transport: Resetting inbound seqno after NEWKEYS due to strict mode
2026-06-30 19:49:03 [DEBUG] paramiko.transport: Got EXT_INFO: {'server-sig-algs': b'ssh-ed25519,sk-ssh-ed25519@openssh.com,ssh-rsa,rsa-sha2-256,rsa-sha2-512,ssh-dss,ecdsa-sha2-nistp256,ecdsa-sha2-nistp384,ecdsa-sha2-nistp521,sk-ecdsa-sha2-nistp256@openssh.com'}
2026-06-30 19:49:03 [DEBUG] paramiko.transport: Adding ssh-ed25519 host key for 10.209.49.217: b'f376e81af9d8d86a4134ee857ec22eb6'
2026-06-30 19:49:03 [DEBUG] paramiko.transport: userauth is OK
2026-06-30 19:49:03 [INFO] paramiko.transport: Authentication (password) successful!
2026-06-30 19:49:03 [DEBUG] paramiko.transport: [chan 0] Max packet in: 32768 bytes
2026-06-30 19:49:04 [DEBUG] paramiko.transport: Received global request "hostkeys-00@openssh.com"
2026-06-30 19:49:04 [DEBUG] paramiko.transport: Rejecting "hostkeys-00@openssh.com" global request from server.
2026-06-30 19:49:04 [DEBUG] paramiko.transport: [chan 0] Max packet out: 32768 bytes
2026-06-30 19:49:04 [DEBUG] paramiko.transport: Secsh channel 0 opened.
2026-06-30 19:49:04 [DEBUG] paramiko.transport: [chan 0] Sesch channel 0 request ok
2026-06-30 19:49:04 [DEBUG] paramiko.transport: [chan 0] EOF received (0)
2026-06-30 19:49:04 [DEBUG] paramiko.transport: [chan 0] EOF sent (0)
2026-06-30 19:49:04 [DEBUG] paramiko.transport: [chan 1] Max packet in: 32768 bytes
2026-06-30 19:49:04 [DEBUG] paramiko.transport: [chan 1] Max packet out: 32768 bytes
2026-06-30 19:49:04 [DEBUG] paramiko.transport: Secsh channel 1 opened.
2026-06-30 19:49:04 [DEBUG] paramiko.transport: [chan 1] Sesch channel 1 request ok
2026-06-30 19:49:04 [DEBUG] paramiko.transport: [chan 1] EOF received (1)
2026-06-30 19:49:04 [DEBUG] paramiko.transport: [chan 1] EOF sent (1)
2026-06-30 19:49:05 [DEBUG] paramiko.transport: [chan 2] Max packet in: 32768 bytes
2026-06-30 19:49:05 [DEBUG] paramiko.transport: [chan 2] Max packet out: 32768 bytes
2026-06-30 19:49:05 [DEBUG] paramiko.transport: Secsh channel 2 opened.
2026-06-30 19:49:05 [DEBUG] paramiko.transport: [chan 2] Sesch channel 2 request ok
2026-06-30 19:49:05 [DEBUG] paramiko.transport: [chan 2] EOF received (2)
2026-06-30 19:49:05 [DEBUG] paramiko.transport: [chan 2] EOF sent (2)
2026-06-30 19:49:05 [DEBUG] paramiko.transport: [chan 3] Max packet in: 32768 bytes
2026-06-30 19:49:05 [DEBUG] paramiko.transport: [chan 3] Max packet out: 32768 bytes
2026-06-30 19:49:05 [DEBUG] paramiko.transport: Secsh channel 3 opened.
2026-06-30 19:49:05 [DEBUG] paramiko.transport: [chan 3] Sesch channel 3 request ok
2026-06-30 19:49:05 [DEBUG] paramiko.transport: [chan 3] EOF received (3)
2026-06-30 19:49:05 [DEBUG] paramiko.transport: [chan 3] EOF sent (3)
2026-06-30 19:49:06 [DEBUG] paramiko.transport: [chan 4] Max packet in: 32768 bytes
2026-06-30 19:49:06 [DEBUG] paramiko.transport: [chan 4] Max packet out: 32768 bytes
2026-06-30 19:49:06 [DEBUG] paramiko.transport: Secsh channel 4 opened.
2026-06-30 19:49:06 [DEBUG] paramiko.transport: [chan 4] Sesch channel 4 request ok
2026-06-30 19:49:06 [DEBUG] paramiko.transport: [chan 4] EOF received (4)
2026-06-30 19:49:06 [DEBUG] paramiko.transport: [chan 4] EOF sent (4)
2026-06-30 19:49:07 [DEBUG] paramiko.transport: [chan 5] Max packet in: 32768 bytes
2026-06-30 19:49:07 [DEBUG] paramiko.transport: [chan 5] Max packet out: 32768 bytes
2026-06-30 19:49:07 [DEBUG] paramiko.transport: Secsh channel 5 opened.
2026-06-30 19:49:07 [DEBUG] paramiko.transport: [chan 5] Sesch channel 5 request ok
2026-06-30 19:49:07 [DEBUG] paramiko.transport: [chan 5] EOF received (5)
2026-06-30 19:49:07 [DEBUG] paramiko.transport: [chan 5] EOF sent (5)
2026-06-30 19:53:29 [INFO] mission_grid_app.main: MissionGrid 地面站退出
2026-06-30 19:53:29 [DEBUG] paramiko.transport: EOF in transport thread
