2026-06-30 17:44:23 [INFO] root: MissionGrid 启动，日志文件: D:\00Ai\Agents\MimoCode\workspace\ticup\mission_grid\log\mission_grid_20260630_174423.log
2026-06-30 17:44:23 [INFO] mission_grid_app.main: MissionGrid 地面站启动中...
2026-06-30 17:44:23 [INFO] mission_grid_app.main: 创建主窗口...
2026-06-30 17:44:24 [INFO] mission_grid_app.main: 进入事件循环
2026-06-30 17:44:30 [DEBUG] paramiko.transport: starting thread (client mode): 0x6cf9cd70
2026-06-30 17:44:30 [DEBUG] paramiko.transport: Local version/idstring: SSH-2.0-paramiko_5.0.0
2026-06-30 17:44:30 [DEBUG] paramiko.transport: Remote version/idstring: SSH-2.0-OpenSSH_8.2p1 Ubuntu-4ubuntu0.11
2026-06-30 17:44:30 [INFO] paramiko.transport: Connected (version 2.0, client OpenSSH_8.2p1)
2026-06-30 17:44:30 [DEBUG] paramiko.transport: === Key exchange possibilities ===
2026-06-30 17:44:30 [DEBUG] paramiko.transport: kex algos: curve25519-sha256, curve25519-sha256@libssh.org, ecdh-sha2-nistp256, ecdh-sha2-nistp384, ecdh-sha2-nistp521, diffie-hellman-group-exchange-sha256, diffie-hellman-group16-sha512, diffie-hellman-group18-sha512, diffie-hellman-group14-sha256, kex-strict-s-v00@openssh.com
2026-06-30 17:44:30 [DEBUG] paramiko.transport: server key: rsa-sha2-512, rsa-sha2-256, ssh-rsa, ecdsa-sha2-nistp256, ssh-ed25519
2026-06-30 17:44:30 [DEBUG] paramiko.transport: client encrypt: chacha20-poly1305@openssh.com, aes128-ctr, aes192-ctr, aes256-ctr, aes128-gcm@openssh.com, aes256-gcm@openssh.com
2026-06-30 17:44:30 [DEBUG] paramiko.transport: server encrypt: chacha20-poly1305@openssh.com, aes128-ctr, aes192-ctr, aes256-ctr, aes128-gcm@openssh.com, aes256-gcm@openssh.com
2026-06-30 17:44:30 [DEBUG] paramiko.transport: client mac: umac-64-etm@openssh.com, umac-128-etm@openssh.com, hmac-sha2-256-etm@openssh.com, hmac-sha2-512-etm@openssh.com, hmac-sha1-etm@openssh.com, umac-64@openssh.com, umac-128@openssh.com, hmac-sha2-256, hmac-sha2-512, hmac-sha1
2026-06-30 17:44:30 [DEBUG] paramiko.transport: server mac: umac-64-etm@openssh.com, umac-128-etm@openssh.com, hmac-sha2-256-etm@openssh.com, hmac-sha2-512-etm@openssh.com, hmac-sha1-etm@openssh.com, umac-64@openssh.com, umac-128@openssh.com, hmac-sha2-256, hmac-sha2-512, hmac-sha1
2026-06-30 17:44:30 [DEBUG] paramiko.transport: client compress: none, zlib@openssh.com
2026-06-30 17:44:30 [DEBUG] paramiko.transport: server compress: none, zlib@openssh.com
2026-06-30 17:44:30 [DEBUG] paramiko.transport: client lang: <none>
2026-06-30 17:44:30 [DEBUG] paramiko.transport: server lang: <none>
2026-06-30 17:44:30 [DEBUG] paramiko.transport: kex follows: False
2026-06-30 17:44:30 [DEBUG] paramiko.transport: === Key exchange agreements ===
2026-06-30 17:44:30 [DEBUG] paramiko.transport: Strict kex mode: True
2026-06-30 17:44:30 [DEBUG] paramiko.transport: Kex: curve25519-sha256@libssh.org
2026-06-30 17:44:30 [DEBUG] paramiko.transport: HostKey: ssh-ed25519
2026-06-30 17:44:30 [DEBUG] paramiko.transport: Cipher: aes128-ctr
2026-06-30 17:44:30 [DEBUG] paramiko.transport: MAC: hmac-sha2-256
2026-06-30 17:44:30 [DEBUG] paramiko.transport: Compression: none
2026-06-30 17:44:30 [DEBUG] paramiko.transport: === End of kex handshake ===
2026-06-30 17:44:30 [DEBUG] paramiko.transport: Resetting outbound seqno after NEWKEYS due to strict mode
2026-06-30 17:44:30 [DEBUG] paramiko.transport: kex engine KexCurve25519 specified hash_algo <built-in function openssl_sha256>
2026-06-30 17:44:30 [DEBUG] paramiko.transport: Switch to new keys ...
2026-06-30 17:44:30 [DEBUG] paramiko.transport: Resetting inbound seqno after NEWKEYS due to strict mode
2026-06-30 17:44:30 [DEBUG] paramiko.transport: Adding ssh-ed25519 host key for 10.209.49.217: b'f376e81af9d8d86a4134ee857ec22eb6'
2026-06-30 17:44:30 [DEBUG] paramiko.transport: Got EXT_INFO: {'server-sig-algs': b'ssh-ed25519,sk-ssh-ed25519@openssh.com,ssh-rsa,rsa-sha2-256,rsa-sha2-512,ssh-dss,ecdsa-sha2-nistp256,ecdsa-sha2-nistp384,ecdsa-sha2-nistp521,sk-ecdsa-sha2-nistp256@openssh.com'}
2026-06-30 17:44:30 [DEBUG] paramiko.transport: userauth is OK
2026-06-30 17:44:30 [INFO] paramiko.transport: Authentication (password) successful!
2026-06-30 17:44:30 [DEBUG] paramiko.transport: [chan 0] Max packet in: 32768 bytes
2026-06-30 17:44:31 [DEBUG] paramiko.transport: Received global request "hostkeys-00@openssh.com"
2026-06-30 17:44:31 [DEBUG] paramiko.transport: Rejecting "hostkeys-00@openssh.com" global request from server.
2026-06-30 17:44:31 [DEBUG] paramiko.transport: [chan 0] Max packet out: 32768 bytes
2026-06-30 17:44:31 [DEBUG] paramiko.transport: Secsh channel 0 opened.
2026-06-30 17:44:31 [DEBUG] paramiko.transport: [chan 0] Sesch channel 0 request ok
2026-06-30 17:44:31 [DEBUG] paramiko.transport: [chan 0] EOF received (0)
2026-06-30 17:44:31 [DEBUG] paramiko.transport: [chan 0] EOF sent (0)
2026-06-30 17:44:31 [DEBUG] paramiko.transport: [chan 1] Max packet in: 32768 bytes
2026-06-30 17:44:31 [DEBUG] paramiko.transport: [chan 1] Max packet out: 32768 bytes
2026-06-30 17:44:31 [DEBUG] paramiko.transport: Secsh channel 1 opened.
2026-06-30 17:44:31 [DEBUG] paramiko.transport: [chan 1] Sesch channel 1 request ok
2026-06-30 17:44:31 [DEBUG] paramiko.transport: [chan 1] EOF received (1)
2026-06-30 17:44:31 [DEBUG] paramiko.transport: [chan 1] EOF sent (1)
2026-06-30 17:44:31 [DEBUG] paramiko.transport: [chan 2] Max packet in: 32768 bytes
2026-06-30 17:44:31 [DEBUG] paramiko.transport: [chan 2] Max packet out: 32768 bytes
2026-06-30 17:44:31 [DEBUG] paramiko.transport: Secsh channel 2 opened.
2026-06-30 17:44:31 [DEBUG] paramiko.transport: [chan 2] Sesch channel 2 request ok
2026-06-30 17:44:31 [DEBUG] paramiko.transport: [chan 2] EOF received (2)
2026-06-30 17:44:31 [DEBUG] paramiko.transport: [chan 2] EOF sent (2)
2026-06-30 17:44:31 [DEBUG] paramiko.transport: [chan 3] Max packet in: 32768 bytes
2026-06-30 17:44:31 [DEBUG] paramiko.transport: [chan 3] Max packet out: 32768 bytes
2026-06-30 17:44:31 [DEBUG] paramiko.transport: Secsh channel 3 opened.
2026-06-30 17:44:31 [DEBUG] paramiko.transport: [chan 3] Sesch channel 3 request ok
2026-06-30 17:44:32 [DEBUG] paramiko.transport: [chan 4] Max packet in: 32768 bytes
2026-06-30 17:44:32 [DEBUG] paramiko.transport: [chan 4] Max packet out: 32768 bytes
2026-06-30 17:44:32 [DEBUG] paramiko.transport: Secsh channel 4 opened.
2026-06-30 17:44:32 [DEBUG] paramiko.transport: [chan 4] Sesch channel 4 request ok
2026-06-30 17:44:32 [DEBUG] paramiko.transport: [chan 3] EOF received (3)
2026-06-30 17:44:32 [DEBUG] paramiko.transport: [chan 3] EOF sent (3)
2026-06-30 17:44:32 [DEBUG] paramiko.transport: [chan 4] EOF received (4)
2026-06-30 17:44:32 [DEBUG] paramiko.transport: [chan 4] EOF sent (4)
2026-06-30 17:44:32 [DEBUG] paramiko.transport: [chan 5] Max packet in: 32768 bytes
2026-06-30 17:44:32 [DEBUG] paramiko.transport: [chan 5] Max packet out: 32768 bytes
2026-06-30 17:44:32 [DEBUG] paramiko.transport: Secsh channel 5 opened.
2026-06-30 17:44:32 [DEBUG] paramiko.transport: [chan 5] Sesch channel 5 request ok
2026-06-30 17:44:32 [DEBUG] paramiko.transport: [chan 5] EOF received (5)
2026-06-30 17:44:32 [DEBUG] paramiko.transport: [chan 5] EOF sent (5)
2026-06-30 17:44:32 [DEBUG] paramiko.transport: [chan 6] Max packet in: 32768 bytes
2026-06-30 17:44:32 [DEBUG] paramiko.transport: [chan 6] Max packet out: 32768 bytes
2026-06-30 17:44:32 [DEBUG] paramiko.transport: Secsh channel 6 opened.
2026-06-30 17:44:32 [DEBUG] paramiko.transport: [chan 6] Sesch channel 6 request ok
2026-06-30 17:44:32 [DEBUG] paramiko.transport: [chan 6] EOF received (6)
2026-06-30 17:44:32 [DEBUG] paramiko.transport: [chan 6] EOF sent (6)
2026-06-30 17:44:32 [DEBUG] paramiko.transport: [chan 7] Max packet in: 32768 bytes
2026-06-30 17:44:32 [DEBUG] paramiko.transport: [chan 8] Max packet in: 32768 bytes
2026-06-30 17:44:32 [DEBUG] paramiko.transport: [chan 9] Max packet in: 32768 bytes
2026-06-30 17:44:32 [DEBUG] paramiko.transport: [chan 7] Max packet out: 32768 bytes
2026-06-30 17:44:32 [DEBUG] paramiko.transport: Secsh channel 7 opened.
2026-06-30 17:44:32 [DEBUG] paramiko.transport: [chan 8] Max packet out: 32768 bytes
2026-06-30 17:44:32 [DEBUG] paramiko.transport: Secsh channel 8 opened.
2026-06-30 17:44:32 [DEBUG] paramiko.transport: [chan 9] Max packet out: 32768 bytes
2026-06-30 17:44:32 [DEBUG] paramiko.transport: Secsh channel 9 opened.
2026-06-30 17:44:32 [DEBUG] paramiko.transport: [chan 7] Sesch channel 7 request ok
2026-06-30 17:44:32 [DEBUG] paramiko.transport: [chan 8] Sesch channel 8 request ok
2026-06-30 17:44:32 [DEBUG] paramiko.transport: [chan 9] Sesch channel 9 request ok
2026-06-30 17:44:32 [DEBUG] paramiko.transport: [chan 7] EOF received (7)
2026-06-30 17:44:32 [DEBUG] paramiko.transport: [chan 7] EOF sent (7)
2026-06-30 17:44:32 [DEBUG] paramiko.transport: [chan 8] EOF received (8)
2026-06-30 17:44:32 [DEBUG] paramiko.transport: [chan 9] EOF received (9)
2026-06-30 17:44:32 [DEBUG] paramiko.transport: [chan 8] EOF sent (8)
2026-06-30 17:44:32 [DEBUG] paramiko.transport: [chan 9] EOF sent (9)
2026-06-30 17:44:32 [DEBUG] paramiko.transport: [chan 10] Max packet in: 32768 bytes
2026-06-30 17:44:32 [DEBUG] paramiko.transport: [chan 11] Max packet in: 32768 bytes
2026-06-30 17:44:32 [DEBUG] paramiko.transport: [chan 10] Max packet out: 32768 bytes
2026-06-30 17:44:32 [DEBUG] paramiko.transport: Secsh channel 10 opened.
2026-06-30 17:44:32 [DEBUG] paramiko.transport: [chan 11] Max packet out: 32768 bytes
2026-06-30 17:44:32 [DEBUG] paramiko.transport: Secsh channel 11 opened.
2026-06-30 17:44:32 [DEBUG] paramiko.transport: [chan 10] Sesch channel 10 request ok
2026-06-30 17:44:32 [DEBUG] paramiko.transport: [chan 11] Sesch channel 11 request ok
2026-06-30 17:44:32 [DEBUG] paramiko.transport: [chan 11] EOF received (11)
2026-06-30 17:44:32 [DEBUG] paramiko.transport: [chan 11] EOF sent (11)
2026-06-30 17:44:32 [DEBUG] paramiko.transport: [chan 10] EOF received (10)
2026-06-30 17:44:32 [DEBUG] paramiko.transport: [chan 12] Max packet in: 32768 bytes
2026-06-30 17:44:32 [DEBUG] paramiko.transport: [chan 10] EOF sent (10)
2026-06-30 17:44:32 [DEBUG] paramiko.transport: [chan 12] Max packet out: 32768 bytes
2026-06-30 17:44:32 [DEBUG] paramiko.transport: Secsh channel 12 opened.
2026-06-30 17:44:32 [DEBUG] paramiko.transport: [chan 13] Max packet in: 32768 bytes
2026-06-30 17:44:33 [DEBUG] paramiko.transport: [chan 12] Sesch channel 12 request ok
2026-06-30 17:44:33 [DEBUG] paramiko.transport: [chan 13] Max packet out: 32768 bytes
2026-06-30 17:44:33 [DEBUG] paramiko.transport: Secsh channel 13 opened.
2026-06-30 17:44:33 [DEBUG] paramiko.transport: [chan 13] Sesch channel 13 request ok
2026-06-30 17:44:33 [DEBUG] paramiko.transport: [chan 13] EOF received (13)
2026-06-30 17:44:33 [DEBUG] paramiko.transport: [chan 13] EOF sent (13)
2026-06-30 17:44:33 [DEBUG] paramiko.transport: [chan 14] Max packet in: 32768 bytes
2026-06-30 17:44:33 [DEBUG] paramiko.transport: [chan 12] EOF received (12)
2026-06-30 17:44:33 [DEBUG] paramiko.transport: [chan 12] EOF sent (12)
2026-06-30 17:44:33 [DEBUG] paramiko.transport: [chan 14] Max packet out: 32768 bytes
2026-06-30 17:44:33 [DEBUG] paramiko.transport: Secsh channel 14 opened.
2026-06-30 17:44:33 [DEBUG] paramiko.transport: [chan 14] Sesch channel 14 request ok
2026-06-30 17:44:33 [DEBUG] paramiko.transport: [chan 15] Max packet in: 32768 bytes
2026-06-30 17:44:33 [DEBUG] paramiko.transport: [chan 15] Max packet out: 32768 bytes
2026-06-30 17:44:33 [DEBUG] paramiko.transport: Secsh channel 15 opened.
2026-06-30 17:44:33 [DEBUG] paramiko.transport: [chan 15] Sesch channel 15 request ok
2026-06-30 17:44:33 [DEBUG] paramiko.transport: [chan 16] Max packet in: 32768 bytes
2026-06-30 17:44:33 [DEBUG] paramiko.transport: [chan 17] Max packet in: 32768 bytes
2026-06-30 17:44:33 [DEBUG] paramiko.transport: [chan 14] EOF received (14)
2026-06-30 17:44:33 [DEBUG] paramiko.transport: [chan 14] EOF sent (14)
2026-06-30 17:44:33 [DEBUG] paramiko.transport: [chan 16] Max packet out: 32768 bytes
2026-06-30 17:44:33 [DEBUG] paramiko.transport: Secsh channel 16 opened.
2026-06-30 17:44:33 [DEBUG] paramiko.transport: [chan 17] Max packet out: 32768 bytes
2026-06-30 17:44:33 [DEBUG] paramiko.transport: Secsh channel 17 opened.
2026-06-30 17:44:33 [DEBUG] paramiko.transport: [chan 16] Sesch channel 16 request ok
2026-06-30 17:44:33 [DEBUG] paramiko.transport: [chan 15] EOF received (15)
2026-06-30 17:44:33 [DEBUG] paramiko.transport: [chan 15] EOF sent (15)
2026-06-30 17:44:33 [DEBUG] paramiko.transport: [chan 17] Sesch channel 17 request ok
2026-06-30 17:44:33 [DEBUG] paramiko.transport: [chan 18] Max packet in: 32768 bytes
2026-06-30 17:44:33 [DEBUG] paramiko.transport: [chan 17] EOF received (17)
2026-06-30 17:44:33 [DEBUG] paramiko.transport: [chan 17] EOF sent (17)
2026-06-30 17:44:33 [DEBUG] paramiko.transport: [chan 16] EOF received (16)
2026-06-30 17:44:33 [DEBUG] paramiko.transport: [chan 16] EOF sent (16)
2026-06-30 17:44:33 [DEBUG] paramiko.transport: [chan 18] Max packet out: 32768 bytes
2026-06-30 17:44:33 [DEBUG] paramiko.transport: Secsh channel 18 opened.
2026-06-30 17:44:33 [DEBUG] paramiko.transport: [chan 18] Sesch channel 18 request ok
2026-06-30 17:44:33 [DEBUG] paramiko.transport: [chan 19] Max packet in: 32768 bytes
2026-06-30 17:44:33 [DEBUG] paramiko.transport: [chan 18] EOF received (18)
2026-06-30 17:44:33 [DEBUG] paramiko.transport: [chan 18] EOF sent (18)
2026-06-30 17:44:33 [DEBUG] paramiko.transport: [chan 20] Max packet in: 32768 bytes
2026-06-30 17:44:33 [DEBUG] paramiko.transport: [chan 19] Max packet out: 32768 bytes
2026-06-30 17:44:33 [DEBUG] paramiko.transport: Secsh channel 19 opened.
2026-06-30 17:44:33 [DEBUG] paramiko.transport: [chan 20] Max packet out: 32768 bytes
2026-06-30 17:44:33 [DEBUG] paramiko.transport: Secsh channel 20 opened.
2026-06-30 17:44:33 [DEBUG] paramiko.transport: [chan 19] Sesch channel 19 request ok
2026-06-30 17:44:33 [DEBUG] paramiko.transport: [chan 20] Sesch channel 20 request ok
2026-06-30 17:44:33 [DEBUG] paramiko.transport: [chan 21] Max packet in: 32768 bytes
2026-06-30 17:44:33 [DEBUG] paramiko.transport: [chan 19] EOF received (19)
2026-06-30 17:44:33 [DEBUG] paramiko.transport: [chan 21] Max packet out: 32768 bytes
2026-06-30 17:44:33 [DEBUG] paramiko.transport: Secsh channel 21 opened.
2026-06-30 17:44:33 [DEBUG] paramiko.transport: [chan 19] EOF sent (19)
2026-06-30 17:44:33 [DEBUG] paramiko.transport: [chan 20] EOF received (20)
2026-06-30 17:44:33 [DEBUG] paramiko.transport: [chan 20] EOF sent (20)
2026-06-30 17:44:33 [DEBUG] paramiko.transport: [chan 21] Sesch channel 21 request ok
2026-06-30 17:44:33 [DEBUG] paramiko.transport: [chan 21] EOF received (21)
2026-06-30 17:44:33 [DEBUG] paramiko.transport: [chan 21] EOF sent (21)
2026-06-30 17:44:33 [DEBUG] paramiko.transport: [chan 22] Max packet in: 32768 bytes
2026-06-30 17:44:33 [DEBUG] paramiko.transport: [chan 23] Max packet in: 32768 bytes
2026-06-30 17:44:33 [DEBUG] paramiko.transport: [chan 22] Max packet out: 32768 bytes
2026-06-30 17:44:33 [DEBUG] paramiko.transport: Secsh channel 22 opened.
2026-06-30 17:44:33 [DEBUG] paramiko.transport: [chan 23] Max packet out: 32768 bytes
2026-06-30 17:44:33 [DEBUG] paramiko.transport: Secsh channel 23 opened.
2026-06-30 17:44:33 [DEBUG] paramiko.transport: [chan 22] Sesch channel 22 request ok
2026-06-30 17:44:33 [DEBUG] paramiko.transport: [chan 23] Sesch channel 23 request ok
2026-06-30 17:44:33 [DEBUG] paramiko.transport: [chan 24] Max packet in: 32768 bytes
2026-06-30 17:44:33 [DEBUG] paramiko.transport: [chan 24] Max packet out: 32768 bytes
2026-06-30 17:44:33 [DEBUG] paramiko.transport: Secsh channel 24 opened.
2026-06-30 17:44:33 [DEBUG] paramiko.transport: [chan 24] Sesch channel 24 request ok
2026-06-30 17:44:33 [DEBUG] paramiko.transport: [chan 22] EOF received (22)
2026-06-30 17:44:33 [DEBUG] paramiko.transport: [chan 22] EOF sent (22)
2026-06-30 17:44:33 [DEBUG] paramiko.transport: [chan 23] EOF received (23)
2026-06-30 17:44:33 [DEBUG] paramiko.transport: [chan 23] EOF sent (23)
2026-06-30 17:44:33 [DEBUG] paramiko.transport: [chan 25] Max packet in: 32768 bytes
2026-06-30 17:44:33 [DEBUG] paramiko.transport: [chan 24] EOF received (24)
2026-06-30 17:44:33 [DEBUG] paramiko.transport: [chan 24] EOF sent (24)
2026-06-30 17:44:33 [DEBUG] paramiko.transport: [chan 25] Max packet out: 32768 bytes
2026-06-30 17:44:33 [DEBUG] paramiko.transport: Secsh channel 25 opened.
2026-06-30 17:44:33 [DEBUG] paramiko.transport: [chan 26] Max packet in: 32768 bytes
2026-06-30 17:44:33 [DEBUG] paramiko.transport: [chan 27] Max packet in: 32768 bytes
2026-06-30 17:44:33 [DEBUG] paramiko.transport: [chan 28] Max packet in: 32768 bytes
2026-06-30 17:44:33 [DEBUG] paramiko.transport: [chan 29] Max packet in: 32768 bytes
2026-06-30 17:44:33 [DEBUG] paramiko.transport: [chan 25] Sesch channel 25 request ok
2026-06-30 17:44:33 [DEBUG] paramiko.transport: [chan 26] Max packet out: 32768 bytes
2026-06-30 17:44:33 [DEBUG] paramiko.transport: Secsh channel 26 opened.
2026-06-30 17:44:33 [DEBUG] paramiko.transport: [chan 27] Max packet out: 32768 bytes
2026-06-30 17:44:33 [DEBUG] paramiko.transport: Secsh channel 27 opened.
2026-06-30 17:44:33 [DEBUG] paramiko.transport: [chan 28] Max packet out: 32768 bytes
2026-06-30 17:44:33 [DEBUG] paramiko.transport: Secsh channel 28 opened.
2026-06-30 17:44:33 [DEBUG] paramiko.transport: [chan 29] Max packet out: 32768 bytes
2026-06-30 17:44:33 [DEBUG] paramiko.transport: Secsh channel 29 opened.
2026-06-30 17:44:33 [DEBUG] paramiko.transport: [chan 26] Sesch channel 26 request ok
2026-06-30 17:44:33 [DEBUG] paramiko.transport: [chan 27] Sesch channel 27 request ok
2026-06-30 17:44:33 [DEBUG] paramiko.transport: [chan 28] Sesch channel 28 request ok
2026-06-30 17:44:33 [DEBUG] paramiko.transport: [chan 29] Sesch channel 29 request ok
2026-06-30 17:44:33 [DEBUG] paramiko.transport: [chan 30] Max packet in: 32768 bytes
2026-06-30 17:44:33 [DEBUG] paramiko.transport: [chan 30] Max packet out: 32768 bytes
2026-06-30 17:44:33 [DEBUG] paramiko.transport: Secsh channel 30 opened.
2026-06-30 17:44:33 [DEBUG] paramiko.transport: [chan 25] EOF received (25)
2026-06-30 17:44:33 [DEBUG] paramiko.transport: [chan 25] EOF sent (25)
2026-06-30 17:44:33 [DEBUG] paramiko.transport: [chan 30] Sesch channel 30 request ok
2026-06-30 17:44:33 [DEBUG] paramiko.transport: [chan 26] EOF received (26)
2026-06-30 17:44:33 [DEBUG] paramiko.transport: [chan 27] EOF received (27)
2026-06-30 17:44:33 [DEBUG] paramiko.transport: [chan 29] EOF received (29)
2026-06-30 17:44:33 [DEBUG] paramiko.transport: [chan 26] EOF sent (26)
2026-06-30 17:44:33 [DEBUG] paramiko.transport: [chan 27] EOF sent (27)
2026-06-30 17:44:33 [DEBUG] paramiko.transport: [chan 29] EOF sent (29)
2026-06-30 17:44:33 [DEBUG] paramiko.transport: [chan 28] EOF received (28)
2026-06-30 17:44:33 [DEBUG] paramiko.transport: [chan 28] EOF sent (28)
2026-06-30 17:44:33 [DEBUG] paramiko.transport: [chan 31] Max packet in: 32768 bytes
2026-06-30 17:44:33 [DEBUG] paramiko.transport: [chan 32] Max packet in: 32768 bytes
2026-06-30 17:44:34 [DEBUG] paramiko.transport: [chan 33] Max packet in: 32768 bytes
2026-06-30 17:44:34 [DEBUG] paramiko.transport: [chan 34] Max packet in: 32768 bytes
2026-06-30 17:44:34 [DEBUG] paramiko.transport: [chan 30] EOF received (30)
2026-06-30 17:44:34 [DEBUG] paramiko.transport: [chan 30] EOF sent (30)
2026-06-30 17:44:34 [DEBUG] paramiko.transport: [chan 31] Max packet out: 32768 bytes
2026-06-30 17:44:34 [DEBUG] paramiko.transport: Secsh channel 31 opened.
2026-06-30 17:44:34 [DEBUG] paramiko.transport: [chan 32] Max packet out: 32768 bytes
2026-06-30 17:44:34 [DEBUG] paramiko.transport: Secsh channel 32 opened.
2026-06-30 17:44:34 [DEBUG] paramiko.transport: [chan 33] Max packet out: 32768 bytes
2026-06-30 17:44:34 [DEBUG] paramiko.transport: Secsh channel 33 opened.
2026-06-30 17:44:34 [DEBUG] paramiko.transport: [chan 34] Max packet out: 32768 bytes
2026-06-30 17:44:34 [DEBUG] paramiko.transport: Secsh channel 34 opened.
2026-06-30 17:44:34 [DEBUG] paramiko.transport: [chan 35] Max packet in: 32768 bytes
2026-06-30 17:44:34 [DEBUG] paramiko.transport: [chan 31] Sesch channel 31 request ok
2026-06-30 17:44:34 [DEBUG] paramiko.transport: [chan 32] Sesch channel 32 request ok
2026-06-30 17:44:34 [DEBUG] paramiko.transport: [chan 33] Sesch channel 33 request ok
2026-06-30 17:44:34 [DEBUG] paramiko.transport: [chan 34] Sesch channel 34 request ok
2026-06-30 17:44:34 [DEBUG] paramiko.transport: [chan 35] Max packet out: 32768 bytes
2026-06-30 17:44:34 [DEBUG] paramiko.transport: Secsh channel 35 opened.
2026-06-30 17:44:34 [DEBUG] paramiko.transport: [chan 35] Sesch channel 35 request ok
2026-06-30 17:44:34 [DEBUG] paramiko.transport: [chan 36] Max packet in: 32768 bytes
2026-06-30 17:44:34 [DEBUG] paramiko.transport: [chan 36] Max packet out: 32768 bytes
2026-06-30 17:44:34 [DEBUG] paramiko.transport: Secsh channel 36 opened.
2026-06-30 17:44:34 [DEBUG] paramiko.transport: [chan 37] Max packet in: 32768 bytes
2026-06-30 17:44:34 [DEBUG] paramiko.transport: [chan 36] Sesch channel 36 request ok
2026-06-30 17:44:34 [DEBUG] paramiko.transport: [chan 37] Max packet out: 32768 bytes
2026-06-30 17:44:34 [DEBUG] paramiko.transport: Secsh channel 37 opened.
2026-06-30 17:44:34 [DEBUG] paramiko.transport: [chan 31] EOF received (31)
2026-06-30 17:44:34 [DEBUG] paramiko.transport: [chan 31] EOF sent (31)
2026-06-30 17:44:34 [DEBUG] paramiko.transport: [chan 38] Max packet in: 32768 bytes
2026-06-30 17:44:34 [DEBUG] paramiko.transport: [chan 37] Sesch channel 37 request ok
2026-06-30 17:44:34 [DEBUG] paramiko.transport: [chan 32] EOF received (32)
2026-06-30 17:44:34 [DEBUG] paramiko.transport: [chan 33] EOF received (33)
2026-06-30 17:44:34 [DEBUG] paramiko.transport: [chan 32] EOF sent (32)
2026-06-30 17:44:34 [DEBUG] paramiko.transport: [chan 33] EOF sent (33)
2026-06-30 17:44:34 [DEBUG] paramiko.transport: [chan 34] EOF received (34)
2026-06-30 17:44:34 [DEBUG] paramiko.transport: [chan 34] EOF sent (34)
2026-06-30 17:44:34 [DEBUG] paramiko.transport: [chan 35] EOF received (35)
2026-06-30 17:44:34 [DEBUG] paramiko.transport: [chan 35] EOF sent (35)
2026-06-30 17:44:34 [DEBUG] paramiko.transport: [chan 38] Max packet out: 32768 bytes
2026-06-30 17:44:34 [DEBUG] paramiko.transport: Secsh channel 38 opened.
2026-06-30 17:44:34 [DEBUG] paramiko.transport: [chan 36] EOF received (36)
2026-06-30 17:44:34 [DEBUG] paramiko.transport: [chan 36] EOF sent (36)
2026-06-30 17:44:34 [DEBUG] paramiko.transport: [chan 37] EOF received (37)
2026-06-30 17:44:34 [DEBUG] paramiko.transport: [chan 37] EOF sent (37)
2026-06-30 17:44:34 [DEBUG] paramiko.transport: [chan 38] Sesch channel 38 request ok
2026-06-30 17:44:34 [DEBUG] paramiko.transport: [chan 38] EOF received (38)
2026-06-30 17:44:34 [DEBUG] paramiko.transport: [chan 38] EOF sent (38)
2026-06-30 17:44:34 [DEBUG] paramiko.transport: [chan 39] Max packet in: 32768 bytes
2026-06-30 17:44:34 [DEBUG] paramiko.transport: [chan 39] Max packet out: 32768 bytes
2026-06-30 17:44:34 [DEBUG] paramiko.transport: Secsh channel 39 opened.
2026-06-30 17:44:34 [DEBUG] paramiko.transport: [chan 39] Sesch channel 39 request ok
2026-06-30 17:44:34 [DEBUG] paramiko.transport: [chan 40] Max packet in: 32768 bytes
2026-06-30 17:44:34 [DEBUG] paramiko.transport: [chan 40] Max packet out: 32768 bytes
2026-06-30 17:44:34 [DEBUG] paramiko.transport: Secsh channel 40 opened.
2026-06-30 17:44:34 [DEBUG] paramiko.transport: [chan 41] Max packet in: 32768 bytes
2026-06-30 17:44:34 [DEBUG] paramiko.transport: [chan 42] Max packet in: 32768 bytes
2026-06-30 17:44:34 [DEBUG] paramiko.transport: [chan 43] Max packet in: 32768 bytes
2026-06-30 17:44:34 [DEBUG] paramiko.transport: [chan 40] Sesch channel 40 request ok
2026-06-30 17:44:34 [DEBUG] paramiko.transport: [chan 44] Max packet in: 32768 bytes
2026-06-30 17:44:34 [DEBUG] paramiko.transport: [chan 41] Max packet out: 32768 bytes
2026-06-30 17:44:34 [DEBUG] paramiko.transport: Secsh channel 41 opened.
2026-06-30 17:44:34 [DEBUG] paramiko.transport: [chan 42] Max packet out: 32768 bytes
2026-06-30 17:44:34 [DEBUG] paramiko.transport: Secsh channel 42 opened.
2026-06-30 17:44:34 [DEBUG] paramiko.transport: [chan 43] Max packet out: 32768 bytes
2026-06-30 17:44:34 [DEBUG] paramiko.transport: Secsh channel 43 opened.
2026-06-30 17:44:34 [DEBUG] paramiko.transport: [chan 44] Max packet out: 32768 bytes
2026-06-30 17:44:34 [DEBUG] paramiko.transport: Secsh channel 44 opened.
2026-06-30 17:44:34 [DEBUG] paramiko.transport: [chan 39] EOF received (39)
2026-06-30 17:44:34 [DEBUG] paramiko.transport: [chan 39] EOF sent (39)
2026-06-30 17:44:34 [DEBUG] paramiko.transport: [chan 41] Sesch channel 41 request ok
2026-06-30 17:44:34 [DEBUG] paramiko.transport: [chan 42] Sesch channel 42 request ok
2026-06-30 17:44:34 [DEBUG] paramiko.transport: [chan 43] Sesch channel 43 request ok
2026-06-30 17:44:34 [DEBUG] paramiko.transport: [chan 44] Sesch channel 44 request ok
2026-06-30 17:44:34 [DEBUG] paramiko.transport: [chan 40] EOF received (40)
2026-06-30 17:44:34 [DEBUG] paramiko.transport: [chan 40] EOF sent (40)
2026-06-30 17:44:34 [DEBUG] paramiko.transport: [chan 44] EOF received (44)
2026-06-30 17:44:34 [DEBUG] paramiko.transport: [chan 44] EOF sent (44)
2026-06-30 17:44:34 [DEBUG] paramiko.transport: [chan 41] EOF received (41)
2026-06-30 17:44:34 [DEBUG] paramiko.transport: [chan 41] EOF sent (41)
2026-06-30 17:44:34 [DEBUG] paramiko.transport: [chan 43] EOF received (43)
2026-06-30 17:44:34 [DEBUG] paramiko.transport: [chan 43] EOF sent (43)
2026-06-30 17:44:34 [DEBUG] paramiko.transport: [chan 42] EOF received (42)
2026-06-30 17:44:34 [DEBUG] paramiko.transport: [chan 42] EOF sent (42)
2026-06-30 17:44:34 [DEBUG] paramiko.transport: [chan 45] Max packet in: 32768 bytes
2026-06-30 17:44:34 [DEBUG] paramiko.transport: [chan 46] Max packet in: 32768 bytes
2026-06-30 17:44:34 [DEBUG] paramiko.transport: [chan 45] Max packet out: 32768 bytes
2026-06-30 17:44:34 [DEBUG] paramiko.transport: Secsh channel 45 opened.
2026-06-30 17:44:34 [DEBUG] paramiko.transport: [chan 46] Max packet out: 32768 bytes
2026-06-30 17:44:34 [DEBUG] paramiko.transport: Secsh channel 46 opened.
2026-06-30 17:44:34 [DEBUG] paramiko.transport: [chan 45] Sesch channel 45 request ok
2026-06-30 17:44:34 [DEBUG] paramiko.transport: [chan 46] Sesch channel 46 request ok
2026-06-30 17:44:34 [DEBUG] paramiko.transport: [chan 46] EOF received (46)
2026-06-30 17:44:34 [DEBUG] paramiko.transport: [chan 46] EOF sent (46)
2026-06-30 17:44:34 [DEBUG] paramiko.transport: [chan 45] EOF received (45)
2026-06-30 17:44:34 [DEBUG] paramiko.transport: [chan 45] EOF sent (45)
2026-06-30 17:44:34 [DEBUG] paramiko.transport: [chan 47] Max packet in: 32768 bytes
2026-06-30 17:44:34 [DEBUG] paramiko.transport: [chan 48] Max packet in: 32768 bytes
2026-06-30 17:44:34 [DEBUG] paramiko.transport: [chan 47] Max packet out: 32768 bytes
2026-06-30 17:44:34 [DEBUG] paramiko.transport: Secsh channel 47 opened.
2026-06-30 17:44:34 [DEBUG] paramiko.transport: [chan 49] Max packet in: 32768 bytes
2026-06-30 17:44:34 [DEBUG] paramiko.transport: [chan 50] Max packet in: 32768 bytes
2026-06-30 17:44:34 [DEBUG] paramiko.transport: [chan 48] Max packet out: 32768 bytes
2026-06-30 17:44:34 [DEBUG] paramiko.transport: Secsh channel 48 opened.
2026-06-30 17:44:34 [DEBUG] paramiko.transport: [chan 47] Sesch channel 47 request ok
2026-06-30 17:44:34 [DEBUG] paramiko.transport: [chan 49] Max packet out: 32768 bytes
2026-06-30 17:44:34 [DEBUG] paramiko.transport: Secsh channel 49 opened.
2026-06-30 17:44:34 [DEBUG] paramiko.transport: [chan 50] Max packet out: 32768 bytes
2026-06-30 17:44:34 [DEBUG] paramiko.transport: Secsh channel 50 opened.
2026-06-30 17:44:34 [DEBUG] paramiko.transport: [chan 51] Max packet in: 32768 bytes
2026-06-30 17:44:34 [DEBUG] paramiko.transport: [chan 48] Sesch channel 48 request ok
2026-06-30 17:44:34 [DEBUG] paramiko.transport: [chan 52] Max packet in: 32768 bytes
2026-06-30 17:44:34 [DEBUG] paramiko.transport: [chan 49] Sesch channel 49 request ok
2026-06-30 17:44:34 [DEBUG] paramiko.transport: [chan 50] Sesch channel 50 request ok
2026-06-30 17:44:34 [DEBUG] paramiko.transport: [chan 51] Max packet out: 32768 bytes
2026-06-30 17:44:34 [DEBUG] paramiko.transport: Secsh channel 51 opened.
2026-06-30 17:44:34 [DEBUG] paramiko.transport: [chan 52] Max packet out: 32768 bytes
2026-06-30 17:44:34 [DEBUG] paramiko.transport: Secsh channel 52 opened.
2026-06-30 17:44:34 [DEBUG] paramiko.transport: [chan 48] EOF received (48)
2026-06-30 17:44:34 [DEBUG] paramiko.transport: [chan 48] EOF sent (48)
2026-06-30 17:44:34 [DEBUG] paramiko.transport: [chan 51] Sesch channel 51 request ok
2026-06-30 17:44:34 [DEBUG] paramiko.transport: [chan 47] EOF received (47)
2026-06-30 17:44:34 [DEBUG] paramiko.transport: [chan 47] EOF sent (47)
2026-06-30 17:44:34 [DEBUG] paramiko.transport: [chan 52] Sesch channel 52 request ok
2026-06-30 17:44:34 [DEBUG] paramiko.transport: [chan 50] EOF received (50)
2026-06-30 17:44:34 [DEBUG] paramiko.transport: [chan 49] EOF received (49)
2026-06-30 17:44:34 [DEBUG] paramiko.transport: [chan 49] EOF sent (49)
2026-06-30 17:44:34 [DEBUG] paramiko.transport: [chan 50] EOF sent (50)
2026-06-30 17:44:34 [DEBUG] paramiko.transport: [chan 51] EOF received (51)
2026-06-30 17:44:34 [DEBUG] paramiko.transport: [chan 51] EOF sent (51)
2026-06-30 17:44:34 [DEBUG] paramiko.transport: [chan 52] EOF received (52)
2026-06-30 17:44:34 [DEBUG] paramiko.transport: [chan 52] EOF sent (52)
2026-06-30 17:44:34 [DEBUG] paramiko.transport: [chan 53] Max packet in: 32768 bytes
2026-06-30 17:44:34 [DEBUG] paramiko.transport: [chan 53] Max packet out: 32768 bytes
2026-06-30 17:44:34 [DEBUG] paramiko.transport: Secsh channel 53 opened.
2026-06-30 17:44:34 [DEBUG] paramiko.transport: [chan 53] Sesch channel 53 request ok
2026-06-30 17:44:34 [DEBUG] paramiko.transport: [chan 53] EOF received (53)
2026-06-30 17:44:34 [DEBUG] paramiko.transport: [chan 53] EOF sent (53)
2026-06-30 17:44:34 [DEBUG] paramiko.transport: [chan 54] Max packet in: 32768 bytes
2026-06-30 17:44:34 [DEBUG] paramiko.transport: [chan 55] Max packet in: 32768 bytes
2026-06-30 17:44:34 [DEBUG] paramiko.transport: [chan 56] Max packet in: 32768 bytes
2026-06-30 17:44:34 [DEBUG] paramiko.transport: [chan 57] Max packet in: 32768 bytes
2026-06-30 17:44:34 [DEBUG] paramiko.transport: [chan 54] Max packet out: 32768 bytes
2026-06-30 17:44:34 [DEBUG] paramiko.transport: Secsh channel 54 opened.
2026-06-30 17:44:34 [DEBUG] paramiko.transport: [chan 55] Max packet out: 32768 bytes
2026-06-30 17:44:34 [DEBUG] paramiko.transport: Secsh channel 55 opened.
2026-06-30 17:44:34 [DEBUG] paramiko.transport: [chan 56] Max packet out: 32768 bytes
2026-06-30 17:44:34 [DEBUG] paramiko.transport: Secsh channel 56 opened.
2026-06-30 17:44:34 [DEBUG] paramiko.transport: [chan 57] Max packet out: 32768 bytes
2026-06-30 17:44:34 [DEBUG] paramiko.transport: Secsh channel 57 opened.
2026-06-30 17:44:34 [DEBUG] paramiko.transport: [chan 58] Max packet in: 32768 bytes
2026-06-30 17:44:35 [DEBUG] paramiko.transport: [chan 54] Sesch channel 54 request ok
2026-06-30 17:44:35 [DEBUG] paramiko.transport: [chan 55] Sesch channel 55 request ok
2026-06-30 17:44:35 [DEBUG] paramiko.transport: [chan 56] Sesch channel 56 request ok
2026-06-30 17:44:35 [DEBUG] paramiko.transport: [chan 57] Sesch channel 57 request ok
2026-06-30 17:44:35 [DEBUG] paramiko.transport: [chan 58] Max packet out: 32768 bytes
2026-06-30 17:44:35 [DEBUG] paramiko.transport: Secsh channel 58 opened.
2026-06-30 17:44:35 [DEBUG] paramiko.transport: [chan 58] Sesch channel 58 request ok
2026-06-30 17:44:35 [DEBUG] paramiko.transport: [chan 54] EOF received (54)
2026-06-30 17:44:35 [DEBUG] paramiko.transport: [chan 55] EOF received (55)
2026-06-30 17:44:35 [DEBUG] paramiko.transport: [chan 56] EOF received (56)
2026-06-30 17:44:35 [DEBUG] paramiko.transport: [chan 57] EOF received (57)
2026-06-30 17:44:35 [DEBUG] paramiko.transport: [chan 54] EOF sent (54)
2026-06-30 17:44:35 [DEBUG] paramiko.transport: [chan 55] EOF sent (55)
2026-06-30 17:44:35 [DEBUG] paramiko.transport: [chan 56] EOF sent (56)
2026-06-30 17:44:35 [DEBUG] paramiko.transport: [chan 57] EOF sent (57)
2026-06-30 17:44:35 [DEBUG] paramiko.transport: [chan 58] EOF received (58)
2026-06-30 17:44:35 [DEBUG] paramiko.transport: [chan 58] EOF sent (58)
2026-06-30 17:44:35 [DEBUG] paramiko.transport: [chan 59] Max packet in: 32768 bytes
2026-06-30 17:44:35 [DEBUG] paramiko.transport: [chan 60] Max packet in: 32768 bytes
2026-06-30 17:44:35 [DEBUG] paramiko.transport: [chan 59] Max packet out: 32768 bytes
2026-06-30 17:44:35 [DEBUG] paramiko.transport: Secsh channel 59 opened.
2026-06-30 17:44:35 [DEBUG] paramiko.transport: [chan 60] Max packet out: 32768 bytes
2026-06-30 17:44:35 [DEBUG] paramiko.transport: Secsh channel 60 opened.
2026-06-30 17:44:35 [DEBUG] paramiko.transport: [chan 59] Sesch channel 59 request ok
2026-06-30 17:44:35 [DEBUG] paramiko.transport: [chan 60] Sesch channel 60 request ok
2026-06-30 17:44:35 [DEBUG] paramiko.transport: [chan 60] EOF received (60)
2026-06-30 17:44:35 [DEBUG] paramiko.transport: [chan 60] EOF sent (60)
2026-06-30 17:44:35 [DEBUG] paramiko.transport: [chan 59] EOF received (59)
2026-06-30 17:44:35 [DEBUG] paramiko.transport: [chan 59] EOF sent (59)
2026-06-30 17:44:35 [DEBUG] paramiko.transport: [chan 61] Max packet in: 32768 bytes
2026-06-30 17:44:35 [DEBUG] paramiko.transport: [chan 61] Max packet out: 32768 bytes
2026-06-30 17:44:35 [DEBUG] paramiko.transport: Secsh channel 61 opened.
2026-06-30 17:44:35 [DEBUG] paramiko.transport: [chan 61] Sesch channel 61 request ok
2026-06-30 17:44:35 [DEBUG] paramiko.transport: [chan 62] Max packet in: 32768 bytes
2026-06-30 17:44:35 [DEBUG] paramiko.transport: [chan 63] Max packet in: 32768 bytes
2026-06-30 17:44:35 [DEBUG] paramiko.transport: [chan 62] Max packet out: 32768 bytes
2026-06-30 17:44:35 [DEBUG] paramiko.transport: Secsh channel 62 opened.
2026-06-30 17:44:35 [DEBUG] paramiko.transport: [chan 63] Max packet out: 32768 bytes
2026-06-30 17:44:35 [DEBUG] paramiko.transport: Secsh channel 63 opened.
2026-06-30 17:44:35 [DEBUG] paramiko.transport: [chan 62] Sesch channel 62 request ok
2026-06-30 17:44:35 [DEBUG] paramiko.transport: [chan 61] EOF received (61)
2026-06-30 17:44:35 [DEBUG] paramiko.transport: [chan 61] EOF sent (61)
2026-06-30 17:44:35 [DEBUG] paramiko.transport: [chan 64] Max packet in: 32768 bytes
2026-06-30 17:44:35 [DEBUG] paramiko.transport: [chan 65] Max packet in: 32768 bytes
2026-06-30 17:44:35 [DEBUG] paramiko.transport: [chan 66] Max packet in: 32768 bytes
2026-06-30 17:44:35 [DEBUG] paramiko.transport: [chan 63] Sesch channel 63 request ok
2026-06-30 17:44:35 [DEBUG] paramiko.transport: [chan 64] Max packet out: 32768 bytes
2026-06-30 17:44:35 [DEBUG] paramiko.transport: Secsh channel 64 opened.
2026-06-30 17:44:35 [DEBUG] paramiko.transport: [chan 66] Max packet out: 32768 bytes
2026-06-30 17:44:35 [DEBUG] paramiko.transport: Secsh channel 66 opened.
2026-06-30 17:44:35 [DEBUG] paramiko.transport: [chan 65] Max packet out: 32768 bytes
2026-06-30 17:44:35 [DEBUG] paramiko.transport: Secsh channel 65 opened.
2026-06-30 17:44:35 [DEBUG] paramiko.transport: [chan 67] Max packet in: 32768 bytes
2026-06-30 17:44:35 [DEBUG] paramiko.transport: [chan 64] Sesch channel 64 request ok
2026-06-30 17:44:35 [DEBUG] paramiko.transport: [chan 66] Sesch channel 66 request ok
2026-06-30 17:44:35 [DEBUG] paramiko.transport: [chan 65] Sesch channel 65 request ok
2026-06-30 17:44:35 [DEBUG] paramiko.transport: [chan 67] Max packet out: 32768 bytes
2026-06-30 17:44:35 [DEBUG] paramiko.transport: Secsh channel 67 opened.
2026-06-30 17:44:35 [DEBUG] paramiko.transport: [chan 63] EOF received (63)
2026-06-30 17:44:35 [DEBUG] paramiko.transport: [chan 63] EOF sent (63)
2026-06-30 17:44:35 [DEBUG] paramiko.transport: [chan 62] EOF received (62)
2026-06-30 17:44:35 [DEBUG] paramiko.transport: [chan 62] EOF sent (62)
2026-06-30 17:44:35 [DEBUG] paramiko.transport: [chan 67] Sesch channel 67 request ok
2026-06-30 17:44:35 [DEBUG] paramiko.transport: [chan 64] EOF received (64)
2026-06-30 17:44:35 [DEBUG] paramiko.transport: [chan 64] EOF sent (64)
2026-06-30 17:44:35 [DEBUG] paramiko.transport: [chan 67] EOF received (67)
2026-06-30 17:44:35 [DEBUG] paramiko.transport: [chan 65] EOF received (65)
2026-06-30 17:44:35 [DEBUG] paramiko.transport: [chan 67] EOF sent (67)
2026-06-30 17:44:35 [DEBUG] paramiko.transport: [chan 65] EOF sent (65)
2026-06-30 17:44:35 [DEBUG] paramiko.transport: [chan 66] EOF received (66)
2026-06-30 17:44:35 [DEBUG] paramiko.transport: [chan 66] EOF sent (66)
2026-06-30 17:44:35 [DEBUG] paramiko.transport: [chan 68] Max packet in: 32768 bytes
2026-06-30 17:44:35 [DEBUG] paramiko.transport: [chan 69] Max packet in: 32768 bytes
2026-06-30 17:44:35 [DEBUG] paramiko.transport: [chan 68] Max packet out: 32768 bytes
2026-06-30 17:44:35 [DEBUG] paramiko.transport: Secsh channel 68 opened.
2026-06-30 17:44:35 [DEBUG] paramiko.transport: [chan 69] Max packet out: 32768 bytes
2026-06-30 17:44:35 [DEBUG] paramiko.transport: Secsh channel 69 opened.
2026-06-30 17:44:35 [DEBUG] paramiko.transport: [chan 68] Sesch channel 68 request ok
2026-06-30 17:44:35 [DEBUG] paramiko.transport: [chan 69] Sesch channel 69 request ok
2026-06-30 17:44:35 [DEBUG] paramiko.transport: [chan 68] EOF received (68)
2026-06-30 17:44:35 [DEBUG] paramiko.transport: [chan 68] EOF sent (68)
2026-06-30 17:44:35 [DEBUG] paramiko.transport: [chan 69] EOF received (69)
2026-06-30 17:44:35 [DEBUG] paramiko.transport: [chan 69] EOF sent (69)
2026-06-30 17:44:35 [DEBUG] paramiko.transport: [chan 70] Max packet in: 32768 bytes
2026-06-30 17:44:35 [DEBUG] paramiko.transport: [chan 71] Max packet in: 32768 bytes
2026-06-30 17:44:35 [DEBUG] paramiko.transport: [chan 72] Max packet in: 32768 bytes
2026-06-30 17:44:35 [DEBUG] paramiko.transport: [chan 70] Max packet out: 32768 bytes
2026-06-30 17:44:35 [DEBUG] paramiko.transport: Secsh channel 70 opened.
2026-06-30 17:44:35 [DEBUG] paramiko.transport: [chan 71] Max packet out: 32768 bytes
2026-06-30 17:44:35 [DEBUG] paramiko.transport: Secsh channel 71 opened.
2026-06-30 17:44:35 [DEBUG] paramiko.transport: [chan 72] Max packet out: 32768 bytes
2026-06-30 17:44:35 [DEBUG] paramiko.transport: Secsh channel 72 opened.
2026-06-30 17:44:35 [DEBUG] paramiko.transport: [chan 70] Sesch channel 70 request ok
2026-06-30 17:44:35 [DEBUG] paramiko.transport: [chan 71] Sesch channel 71 request ok
2026-06-30 17:44:35 [DEBUG] paramiko.transport: [chan 72] Sesch channel 72 request ok
2026-06-30 17:44:35 [DEBUG] paramiko.transport: [chan 73] Max packet in: 32768 bytes
2026-06-30 17:44:35 [DEBUG] paramiko.transport: [chan 73] Max packet out: 32768 bytes
2026-06-30 17:44:35 [DEBUG] paramiko.transport: Secsh channel 73 opened.
2026-06-30 17:44:35 [DEBUG] paramiko.transport: [chan 73] Sesch channel 73 request ok
2026-06-30 17:44:35 [DEBUG] paramiko.transport: [chan 71] EOF received (71)
2026-06-30 17:44:35 [DEBUG] paramiko.transport: [chan 71] EOF sent (71)
2026-06-30 17:44:35 [DEBUG] paramiko.transport: [chan 70] EOF received (70)
2026-06-30 17:44:35 [DEBUG] paramiko.transport: [chan 70] EOF sent (70)
2026-06-30 17:44:35 [DEBUG] paramiko.transport: [chan 73] EOF received (73)
2026-06-30 17:44:35 [DEBUG] paramiko.transport: [chan 72] EOF received (72)
2026-06-30 17:44:35 [DEBUG] paramiko.transport: [chan 73] EOF sent (73)
2026-06-30 17:44:35 [DEBUG] paramiko.transport: [chan 72] EOF sent (72)
2026-06-30 17:44:35 [DEBUG] paramiko.transport: [chan 74] Max packet in: 32768 bytes
2026-06-30 17:44:35 [DEBUG] paramiko.transport: [chan 74] Max packet out: 32768 bytes
2026-06-30 17:44:35 [DEBUG] paramiko.transport: Secsh channel 74 opened.
2026-06-30 17:44:35 [DEBUG] paramiko.transport: [chan 75] Max packet in: 32768 bytes
2026-06-30 17:44:35 [DEBUG] paramiko.transport: [chan 74] Sesch channel 74 request ok
2026-06-30 17:44:35 [DEBUG] paramiko.transport: [chan 75] Max packet out: 32768 bytes
2026-06-30 17:44:35 [DEBUG] paramiko.transport: Secsh channel 75 opened.
2026-06-30 17:44:35 [DEBUG] paramiko.transport: [chan 75] Sesch channel 75 request ok
2026-06-30 17:44:35 [DEBUG] paramiko.transport: [chan 75] EOF received (75)
2026-06-30 17:44:35 [DEBUG] paramiko.transport: [chan 74] EOF received (74)
2026-06-30 17:44:35 [DEBUG] paramiko.transport: [chan 75] EOF sent (75)
2026-06-30 17:44:35 [DEBUG] paramiko.transport: [chan 74] EOF sent (74)
2026-06-30 17:44:35 [DEBUG] paramiko.transport: [chan 76] Max packet in: 32768 bytes
2026-06-30 17:44:35 [DEBUG] paramiko.transport: [chan 76] Max packet out: 32768 bytes
2026-06-30 17:44:35 [DEBUG] paramiko.transport: Secsh channel 76 opened.
2026-06-30 17:44:35 [DEBUG] paramiko.transport: [chan 76] Sesch channel 76 request ok
2026-06-30 17:44:35 [DEBUG] paramiko.transport: [chan 77] Max packet in: 32768 bytes
2026-06-30 17:44:35 [DEBUG] paramiko.transport: [chan 78] Max packet in: 32768 bytes
2026-06-30 17:44:35 [DEBUG] paramiko.transport: [chan 77] Max packet out: 32768 bytes
2026-06-30 17:44:35 [DEBUG] paramiko.transport: Secsh channel 77 opened.
2026-06-30 17:44:35 [DEBUG] paramiko.transport: [chan 79] Max packet in: 32768 bytes
2026-06-30 17:44:35 [DEBUG] paramiko.transport: [chan 78] Max packet out: 32768 bytes
2026-06-30 17:44:35 [DEBUG] paramiko.transport: Secsh channel 78 opened.
2026-06-30 17:44:35 [DEBUG] paramiko.transport: [chan 77] Sesch channel 77 request ok
2026-06-30 17:44:35 [DEBUG] paramiko.transport: [chan 79] Max packet out: 32768 bytes
2026-06-30 17:44:35 [DEBUG] paramiko.transport: Secsh channel 79 opened.
2026-06-30 17:44:35 [DEBUG] paramiko.transport: [chan 80] Max packet in: 32768 bytes
2026-06-30 17:44:35 [DEBUG] paramiko.transport: [chan 81] Max packet in: 32768 bytes
2026-06-30 17:44:35 [DEBUG] paramiko.transport: [chan 78] Sesch channel 78 request ok
2026-06-30 17:44:35 [DEBUG] paramiko.transport: [chan 76] EOF received (76)
2026-06-30 17:44:35 [DEBUG] paramiko.transport: [chan 76] EOF sent (76)
2026-06-30 17:44:35 [DEBUG] paramiko.transport: [chan 79] Sesch channel 79 request ok
2026-06-30 17:44:35 [DEBUG] paramiko.transport: [chan 80] Max packet out: 32768 bytes
2026-06-30 17:44:35 [DEBUG] paramiko.transport: Secsh channel 80 opened.
2026-06-30 17:44:35 [DEBUG] paramiko.transport: [chan 81] Max packet out: 32768 bytes
2026-06-30 17:44:35 [DEBUG] paramiko.transport: Secsh channel 81 opened.
2026-06-30 17:44:35 [DEBUG] paramiko.transport: [chan 78] EOF received (78)
2026-06-30 17:44:35 [DEBUG] paramiko.transport: [chan 78] EOF sent (78)
2026-06-30 17:44:35 [DEBUG] paramiko.transport: [chan 80] Sesch channel 80 request ok
2026-06-30 17:44:35 [DEBUG] paramiko.transport: [chan 81] Sesch channel 81 request ok
2026-06-30 17:44:35 [DEBUG] paramiko.transport: [chan 77] EOF received (77)
2026-06-30 17:44:35 [DEBUG] paramiko.transport: [chan 77] EOF sent (77)
2026-06-30 17:44:35 [DEBUG] paramiko.transport: [chan 79] EOF received (79)
2026-06-30 17:44:35 [DEBUG] paramiko.transport: [chan 79] EOF sent (79)
2026-06-30 17:44:35 [DEBUG] paramiko.transport: [chan 80] EOF received (80)
2026-06-30 17:44:35 [DEBUG] paramiko.transport: [chan 80] EOF sent (80)
2026-06-30 17:44:35 [DEBUG] paramiko.transport: [chan 81] EOF received (81)
2026-06-30 17:44:35 [DEBUG] paramiko.transport: [chan 81] EOF sent (81)
2026-06-30 17:44:35 [DEBUG] paramiko.transport: [chan 82] Max packet in: 32768 bytes
2026-06-30 17:44:36 [DEBUG] paramiko.transport: [chan 83] Max packet in: 32768 bytes
2026-06-30 17:44:36 [DEBUG] paramiko.transport: [chan 82] Max packet out: 32768 bytes
2026-06-30 17:44:36 [DEBUG] paramiko.transport: Secsh channel 82 opened.
2026-06-30 17:44:36 [DEBUG] paramiko.transport: [chan 83] Max packet out: 32768 bytes
2026-06-30 17:44:36 [DEBUG] paramiko.transport: Secsh channel 83 opened.
2026-06-30 17:44:36 [DEBUG] paramiko.transport: [chan 82] Sesch channel 82 request ok
2026-06-30 17:44:36 [DEBUG] paramiko.transport: [chan 83] Sesch channel 83 request ok
2026-06-30 17:44:36 [DEBUG] paramiko.transport: [chan 82] EOF received (82)
2026-06-30 17:44:36 [DEBUG] paramiko.transport: [chan 82] EOF sent (82)
2026-06-30 17:44:36 [DEBUG] paramiko.transport: [chan 83] EOF received (83)
2026-06-30 17:44:36 [DEBUG] paramiko.transport: [chan 83] EOF sent (83)
2026-06-30 17:44:36 [DEBUG] paramiko.transport: [chan 84] Max packet in: 32768 bytes
2026-06-30 17:44:36 [DEBUG] paramiko.transport: [chan 85] Max packet in: 32768 bytes
2026-06-30 17:44:36 [DEBUG] paramiko.transport: [chan 86] Max packet in: 32768 bytes
2026-06-30 17:44:36 [DEBUG] paramiko.transport: [chan 84] Max packet out: 32768 bytes
2026-06-30 17:44:36 [DEBUG] paramiko.transport: Secsh channel 84 opened.
2026-06-30 17:44:36 [DEBUG] paramiko.transport: [chan 85] Max packet out: 32768 bytes
2026-06-30 17:44:36 [DEBUG] paramiko.transport: Secsh channel 85 opened.
2026-06-30 17:44:36 [DEBUG] paramiko.transport: [chan 86] Max packet out: 32768 bytes
2026-06-30 17:44:36 [DEBUG] paramiko.transport: Secsh channel 86 opened.
2026-06-30 17:44:36 [DEBUG] paramiko.transport: [chan 84] Sesch channel 84 request ok
2026-06-30 17:44:36 [DEBUG] paramiko.transport: [chan 85] Sesch channel 85 request ok
2026-06-30 17:44:36 [DEBUG] paramiko.transport: [chan 86] Sesch channel 86 request ok
2026-06-30 17:44:36 [DEBUG] paramiko.transport: [chan 85] EOF received (85)
2026-06-30 17:44:36 [DEBUG] paramiko.transport: [chan 85] EOF sent (85)
2026-06-30 17:44:36 [DEBUG] paramiko.transport: [chan 86] EOF received (86)
2026-06-30 17:44:36 [DEBUG] paramiko.transport: [chan 84] EOF received (84)
2026-06-30 17:44:36 [DEBUG] paramiko.transport: [chan 84] EOF sent (84)
2026-06-30 17:44:36 [DEBUG] paramiko.transport: [chan 86] EOF sent (86)
2026-06-30 17:44:36 [DEBUG] paramiko.transport: [chan 87] Max packet in: 32768 bytes
2026-06-30 17:44:36 [DEBUG] paramiko.transport: [chan 88] Max packet in: 32768 bytes
2026-06-30 17:44:36 [DEBUG] paramiko.transport: [chan 87] Max packet out: 32768 bytes
2026-06-30 17:44:36 [DEBUG] paramiko.transport: Secsh channel 87 opened.
2026-06-30 17:44:36 [DEBUG] paramiko.transport: [chan 88] Max packet out: 32768 bytes
2026-06-30 17:44:36 [DEBUG] paramiko.transport: Secsh channel 88 opened.
2026-06-30 17:44:36 [DEBUG] paramiko.transport: [chan 87] Sesch channel 87 request ok
2026-06-30 17:44:36 [DEBUG] paramiko.transport: [chan 88] Sesch channel 88 request ok
2026-06-30 17:44:36 [DEBUG] paramiko.transport: [chan 88] EOF received (88)
2026-06-30 17:44:36 [DEBUG] paramiko.transport: [chan 88] EOF sent (88)
2026-06-30 17:44:36 [DEBUG] paramiko.transport: [chan 87] EOF received (87)
2026-06-30 17:44:36 [DEBUG] paramiko.transport: [chan 87] EOF sent (87)
2026-06-30 17:44:36 [DEBUG] paramiko.transport: [chan 89] Max packet in: 32768 bytes
2026-06-30 17:44:36 [DEBUG] paramiko.transport: [chan 89] Max packet out: 32768 bytes
2026-06-30 17:44:36 [DEBUG] paramiko.transport: Secsh channel 89 opened.
2026-06-30 17:44:36 [DEBUG] paramiko.transport: [chan 89] Sesch channel 89 request ok
2026-06-30 17:44:36 [DEBUG] paramiko.transport: [chan 90] Max packet in: 32768 bytes
2026-06-30 17:44:36 [DEBUG] paramiko.transport: [chan 90] Max packet out: 32768 bytes
2026-06-30 17:44:36 [DEBUG] paramiko.transport: Secsh channel 90 opened.
2026-06-30 17:44:36 [DEBUG] paramiko.transport: [chan 90] Sesch channel 90 request ok
2026-06-30 17:44:36 [DEBUG] paramiko.transport: [chan 91] Max packet in: 32768 bytes
2026-06-30 17:44:36 [DEBUG] paramiko.transport: [chan 89] EOF received (89)
2026-06-30 17:44:36 [DEBUG] paramiko.transport: [chan 89] EOF sent (89)
2026-06-30 17:44:36 [DEBUG] paramiko.transport: [chan 92] Max packet in: 32768 bytes
2026-06-30 17:44:36 [DEBUG] paramiko.transport: [chan 91] Max packet out: 32768 bytes
2026-06-30 17:44:36 [DEBUG] paramiko.transport: Secsh channel 91 opened.
2026-06-30 17:44:36 [DEBUG] paramiko.transport: [chan 92] Max packet out: 32768 bytes
2026-06-30 17:44:36 [DEBUG] paramiko.transport: Secsh channel 92 opened.
2026-06-30 17:44:36 [DEBUG] paramiko.transport: [chan 91] Sesch channel 91 request ok
2026-06-30 17:44:36 [DEBUG] paramiko.transport: [chan 90] EOF received (90)
2026-06-30 17:44:36 [DEBUG] paramiko.transport: [chan 90] EOF sent (90)
2026-06-30 17:44:36 [DEBUG] paramiko.transport: [chan 92] Sesch channel 92 request ok
2026-06-30 17:44:36 [DEBUG] paramiko.transport: [chan 91] EOF received (91)
2026-06-30 17:44:36 [DEBUG] paramiko.transport: [chan 91] EOF sent (91)
2026-06-30 17:44:36 [DEBUG] paramiko.transport: [chan 92] EOF received (92)
2026-06-30 17:44:36 [DEBUG] paramiko.transport: [chan 92] EOF sent (92)
2026-06-30 17:44:36 [DEBUG] paramiko.transport: [chan 93] Max packet in: 32768 bytes
2026-06-30 17:44:36 [DEBUG] paramiko.transport: [chan 94] Max packet in: 32768 bytes
2026-06-30 17:44:36 [DEBUG] paramiko.transport: [chan 93] Max packet out: 32768 bytes
2026-06-30 17:44:36 [DEBUG] paramiko.transport: Secsh channel 93 opened.
2026-06-30 17:44:36 [DEBUG] paramiko.transport: [chan 94] Max packet out: 32768 bytes
2026-06-30 17:44:36 [DEBUG] paramiko.transport: Secsh channel 94 opened.
2026-06-30 17:44:36 [DEBUG] paramiko.transport: [chan 93] Sesch channel 93 request ok
2026-06-30 17:44:36 [DEBUG] paramiko.transport: [chan 94] Sesch channel 94 request ok
2026-06-30 17:44:36 [DEBUG] paramiko.transport: [chan 94] EOF received (94)
2026-06-30 17:44:36 [DEBUG] paramiko.transport: [chan 94] EOF sent (94)
2026-06-30 17:44:36 [DEBUG] paramiko.transport: [chan 93] EOF received (93)
2026-06-30 17:44:36 [DEBUG] paramiko.transport: [chan 93] EOF sent (93)
2026-06-30 17:44:36 [DEBUG] paramiko.transport: [chan 95] Max packet in: 32768 bytes
2026-06-30 17:44:36 [DEBUG] paramiko.transport: [chan 96] Max packet in: 32768 bytes
2026-06-30 17:44:36 [DEBUG] paramiko.transport: [chan 95] Max packet out: 32768 bytes
2026-06-30 17:44:36 [DEBUG] paramiko.transport: Secsh channel 95 opened.
2026-06-30 17:44:36 [DEBUG] paramiko.transport: [chan 96] Max packet out: 32768 bytes
2026-06-30 17:44:36 [DEBUG] paramiko.transport: Secsh channel 96 opened.
2026-06-30 17:44:36 [DEBUG] paramiko.transport: [chan 95] Sesch channel 95 request ok
2026-06-30 17:44:36 [DEBUG] paramiko.transport: [chan 96] Sesch channel 96 request ok
2026-06-30 17:44:36 [DEBUG] paramiko.transport: [chan 95] EOF received (95)
2026-06-30 17:44:36 [DEBUG] paramiko.transport: [chan 95] EOF sent (95)
2026-06-30 17:44:36 [DEBUG] paramiko.transport: [chan 96] EOF received (96)
2026-06-30 17:44:36 [DEBUG] paramiko.transport: [chan 96] EOF sent (96)
2026-06-30 17:44:36 [DEBUG] paramiko.transport: [chan 97] Max packet in: 32768 bytes
2026-06-30 17:44:36 [DEBUG] paramiko.transport: [chan 97] Max packet out: 32768 bytes
2026-06-30 17:44:36 [DEBUG] paramiko.transport: Secsh channel 97 opened.
2026-06-30 17:44:36 [DEBUG] paramiko.transport: [chan 97] Sesch channel 97 request ok
2026-06-30 17:44:36 [DEBUG] paramiko.transport: [chan 97] EOF received (97)
2026-06-30 17:44:36 [DEBUG] paramiko.transport: [chan 97] EOF sent (97)
2026-06-30 17:44:36 [DEBUG] paramiko.transport: [chan 98] Max packet in: 32768 bytes
2026-06-30 17:44:36 [DEBUG] paramiko.transport: [chan 98] Max packet out: 32768 bytes
2026-06-30 17:44:36 [DEBUG] paramiko.transport: Secsh channel 98 opened.
2026-06-30 17:44:36 [DEBUG] paramiko.transport: [chan 98] Sesch channel 98 request ok
2026-06-30 17:44:36 [DEBUG] paramiko.transport: [chan 99] Max packet in: 32768 bytes
2026-06-30 17:44:36 [DEBUG] paramiko.transport: [chan 99] Max packet out: 32768 bytes
2026-06-30 17:44:36 [DEBUG] paramiko.transport: Secsh channel 99 opened.
2026-06-30 17:44:36 [DEBUG] paramiko.transport: [chan 99] Sesch channel 99 request ok
2026-06-30 17:44:37 [DEBUG] paramiko.transport: [chan 98] EOF received (98)
2026-06-30 17:44:37 [DEBUG] paramiko.transport: [chan 98] EOF sent (98)
2026-06-30 17:44:37 [DEBUG] paramiko.transport: [chan 100] Max packet in: 32768 bytes
2026-06-30 17:44:37 [DEBUG] paramiko.transport: [chan 99] EOF received (99)
2026-06-30 17:44:37 [DEBUG] paramiko.transport: [chan 99] EOF sent (99)
2026-06-30 17:44:37 [DEBUG] paramiko.transport: [chan 100] Max packet out: 32768 bytes
2026-06-30 17:44:37 [DEBUG] paramiko.transport: Secsh channel 100 opened.
2026-06-30 17:44:37 [DEBUG] paramiko.transport: [chan 100] Sesch channel 100 request ok
2026-06-30 17:44:37 [DEBUG] paramiko.transport: [chan 100] EOF received (100)
2026-06-30 17:44:37 [DEBUG] paramiko.transport: [chan 100] EOF sent (100)
2026-06-30 17:44:37 [DEBUG] paramiko.transport: [chan 101] Max packet in: 32768 bytes
2026-06-30 17:44:37 [DEBUG] paramiko.transport: [chan 101] Max packet out: 32768 bytes
2026-06-30 17:44:37 [DEBUG] paramiko.transport: Secsh channel 101 opened.
2026-06-30 17:44:37 [DEBUG] paramiko.transport: [chan 101] Sesch channel 101 request ok
2026-06-30 17:44:37 [DEBUG] paramiko.transport: [chan 101] EOF received (101)
2026-06-30 17:44:37 [DEBUG] paramiko.transport: [chan 101] EOF sent (101)
2026-06-30 17:44:37 [DEBUG] paramiko.transport: [chan 102] Max packet in: 32768 bytes
2026-06-30 17:44:37 [DEBUG] paramiko.transport: [chan 102] Max packet out: 32768 bytes
2026-06-30 17:44:37 [DEBUG] paramiko.transport: Secsh channel 102 opened.
2026-06-30 17:44:37 [DEBUG] paramiko.transport: [chan 102] Sesch channel 102 request ok
2026-06-30 17:44:37 [DEBUG] paramiko.transport: [chan 102] EOF received (102)
2026-06-30 17:44:37 [DEBUG] paramiko.transport: [chan 102] EOF sent (102)
2026-06-30 17:44:37 [DEBUG] paramiko.transport: [chan 103] Max packet in: 32768 bytes
2026-06-30 17:44:37 [DEBUG] paramiko.transport: [chan 103] Max packet out: 32768 bytes
2026-06-30 17:44:37 [DEBUG] paramiko.transport: Secsh channel 103 opened.
2026-06-30 17:44:37 [DEBUG] paramiko.transport: [chan 103] Sesch channel 103 request ok
2026-06-30 17:44:37 [DEBUG] paramiko.transport: [chan 103] EOF received (103)
2026-06-30 17:44:37 [DEBUG] paramiko.transport: [chan 103] EOF sent (103)
2026-06-30 17:44:37 [DEBUG] paramiko.transport: [chan 104] Max packet in: 32768 bytes
2026-06-30 17:44:37 [DEBUG] paramiko.transport: [chan 104] Max packet out: 32768 bytes
2026-06-30 17:44:37 [DEBUG] paramiko.transport: Secsh channel 104 opened.
2026-06-30 17:44:37 [DEBUG] paramiko.transport: [chan 104] Sesch channel 104 request ok
2026-06-30 17:44:37 [DEBUG] paramiko.transport: [chan 104] EOF received (104)
2026-06-30 17:44:37 [DEBUG] paramiko.transport: [chan 104] EOF sent (104)
2026-06-30 17:44:37 [DEBUG] paramiko.transport: [chan 105] Max packet in: 32768 bytes
2026-06-30 17:44:37 [DEBUG] paramiko.transport: [chan 105] Max packet out: 32768 bytes
2026-06-30 17:44:37 [DEBUG] paramiko.transport: Secsh channel 105 opened.
2026-06-30 17:44:37 [DEBUG] paramiko.transport: [chan 105] Sesch channel 105 request ok
2026-06-30 17:44:37 [DEBUG] paramiko.transport: [chan 105] EOF received (105)
2026-06-30 17:44:37 [DEBUG] paramiko.transport: [chan 105] EOF sent (105)
2026-06-30 17:44:38 [DEBUG] paramiko.transport: [chan 106] Max packet in: 32768 bytes
2026-06-30 17:44:38 [DEBUG] paramiko.transport: [chan 106] Max packet out: 32768 bytes
2026-06-30 17:44:38 [DEBUG] paramiko.transport: Secsh channel 106 opened.
2026-06-30 17:44:38 [DEBUG] paramiko.transport: [chan 106] Sesch channel 106 request ok
2026-06-30 17:44:38 [DEBUG] paramiko.transport: [chan 106] EOF received (106)
2026-06-30 17:44:38 [DEBUG] paramiko.transport: [chan 106] EOF sent (106)
2026-06-30 17:44:38 [DEBUG] paramiko.transport: [chan 107] Max packet in: 32768 bytes
2026-06-30 17:44:38 [DEBUG] paramiko.transport: [chan 107] Max packet out: 32768 bytes
2026-06-30 17:44:38 [DEBUG] paramiko.transport: Secsh channel 107 opened.
2026-06-30 17:44:38 [DEBUG] paramiko.transport: [chan 107] Sesch channel 107 request ok
2026-06-30 17:44:38 [DEBUG] paramiko.transport: [chan 107] EOF received (107)
2026-06-30 17:44:38 [DEBUG] paramiko.transport: [chan 107] EOF sent (107)
2026-06-30 17:44:56 [DEBUG] paramiko.transport: [chan 108] Max packet in: 32768 bytes
2026-06-30 17:44:56 [DEBUG] paramiko.transport: [chan 108] Max packet out: 32768 bytes
2026-06-30 17:44:56 [DEBUG] paramiko.transport: Secsh channel 108 opened.
2026-06-30 17:44:56 [DEBUG] paramiko.transport: [chan 108] Sesch channel 108 request ok
2026-06-30 17:44:56 [DEBUG] paramiko.transport: [chan 108] EOF received (108)
2026-06-30 17:44:56 [DEBUG] paramiko.transport: [chan 108] EOF sent (108)
2026-06-30 17:45:06 [DEBUG] paramiko.transport: [chan 109] Max packet in: 32768 bytes
2026-06-30 17:45:06 [DEBUG] paramiko.transport: [chan 109] Max packet out: 32768 bytes
2026-06-30 17:45:06 [DEBUG] paramiko.transport: Secsh channel 109 opened.
2026-06-30 17:45:06 [DEBUG] paramiko.transport: [chan 109] Sesch channel 109 request ok
2026-06-30 17:45:06 [DEBUG] paramiko.transport: [chan 109] EOF received (109)
2026-06-30 17:45:06 [DEBUG] paramiko.transport: [chan 109] EOF sent (109)
2026-06-30 17:45:07 [DEBUG] paramiko.transport: [chan 110] Max packet in: 32768 bytes
2026-06-30 17:45:07 [DEBUG] paramiko.transport: [chan 110] Max packet out: 32768 bytes
2026-06-30 17:45:07 [DEBUG] paramiko.transport: Secsh channel 110 opened.
2026-06-30 17:45:07 [DEBUG] paramiko.transport: [chan 110] Sesch channel 110 request ok
2026-06-30 17:45:07 [DEBUG] paramiko.transport: [chan 110] EOF received (110)
2026-06-30 17:45:07 [DEBUG] paramiko.transport: [chan 110] EOF sent (110)
2026-06-30 17:45:07 [DEBUG] paramiko.transport: [chan 111] Max packet in: 32768 bytes
2026-06-30 17:45:07 [DEBUG] paramiko.transport: [chan 111] Max packet out: 32768 bytes
2026-06-30 17:45:07 [DEBUG] paramiko.transport: Secsh channel 111 opened.
2026-06-30 17:45:07 [DEBUG] paramiko.transport: [chan 111] Sesch channel 111 request ok
2026-06-30 17:45:07 [DEBUG] paramiko.transport: [chan 111] EOF received (111)
2026-06-30 17:45:07 [DEBUG] paramiko.transport: [chan 111] EOF sent (111)
2026-06-30 17:45:07 [DEBUG] paramiko.transport: [chan 112] Max packet in: 32768 bytes
2026-06-30 17:45:07 [DEBUG] paramiko.transport: [chan 112] Max packet out: 32768 bytes
2026-06-30 17:45:07 [DEBUG] paramiko.transport: Secsh channel 112 opened.
2026-06-30 17:45:07 [DEBUG] paramiko.transport: [chan 112] Sesch channel 112 request ok
2026-06-30 17:45:07 [DEBUG] paramiko.transport: [chan 112] EOF received (112)
2026-06-30 17:45:07 [DEBUG] paramiko.transport: [chan 112] EOF sent (112)
2026-06-30 17:45:08 [DEBUG] paramiko.transport: [chan 113] Max packet in: 32768 bytes
2026-06-30 17:45:08 [DEBUG] paramiko.transport: [chan 113] Max packet out: 32768 bytes
2026-06-30 17:45:08 [DEBUG] paramiko.transport: Secsh channel 113 opened.
2026-06-30 17:45:08 [DEBUG] paramiko.transport: [chan 113] Sesch channel 113 request ok
2026-06-30 17:45:08 [DEBUG] paramiko.transport: [chan 113] EOF received (113)
2026-06-30 17:45:08 [DEBUG] paramiko.transport: [chan 113] EOF sent (113)
2026-06-30 17:45:08 [DEBUG] paramiko.transport: [chan 114] Max packet in: 32768 bytes
2026-06-30 17:45:08 [DEBUG] paramiko.transport: [chan 114] Max packet out: 32768 bytes
2026-06-30 17:45:08 [DEBUG] paramiko.transport: Secsh channel 114 opened.
2026-06-30 17:45:08 [DEBUG] paramiko.transport: [chan 114] Sesch channel 114 request ok
2026-06-30 17:45:08 [DEBUG] paramiko.transport: [chan 114] EOF received (114)
2026-06-30 17:45:08 [DEBUG] paramiko.transport: [chan 114] EOF sent (114)
2026-06-30 17:45:08 [DEBUG] paramiko.transport: [chan 115] Max packet in: 32768 bytes
2026-06-30 17:45:08 [DEBUG] paramiko.transport: [chan 115] Max packet out: 32768 bytes
2026-06-30 17:45:08 [DEBUG] paramiko.transport: Secsh channel 115 opened.
2026-06-30 17:45:08 [DEBUG] paramiko.transport: [chan 115] Sesch channel 115 request ok
2026-06-30 17:45:08 [DEBUG] paramiko.transport: [chan 115] EOF received (115)
2026-06-30 17:45:08 [DEBUG] paramiko.transport: [chan 115] EOF sent (115)
2026-06-30 17:45:08 [DEBUG] paramiko.transport: [chan 116] Max packet in: 32768 bytes
2026-06-30 17:45:08 [DEBUG] paramiko.transport: [chan 116] Max packet out: 32768 bytes
2026-06-30 17:45:08 [DEBUG] paramiko.transport: Secsh channel 116 opened.
2026-06-30 17:45:08 [DEBUG] paramiko.transport: [chan 116] Sesch channel 116 request ok
2026-06-30 17:45:08 [DEBUG] paramiko.transport: [chan 116] EOF received (116)
2026-06-30 17:45:08 [DEBUG] paramiko.transport: [chan 116] EOF sent (116)
2026-06-30 17:45:09 [DEBUG] paramiko.transport: [chan 117] Max packet in: 32768 bytes
2026-06-30 17:45:09 [DEBUG] paramiko.transport: [chan 117] Max packet out: 32768 bytes
2026-06-30 17:45:09 [DEBUG] paramiko.transport: Secsh channel 117 opened.
2026-06-30 17:45:09 [DEBUG] paramiko.transport: [chan 117] Sesch channel 117 request ok
2026-06-30 17:45:09 [DEBUG] paramiko.transport: [chan 117] EOF received (117)
2026-06-30 17:45:09 [DEBUG] paramiko.transport: [chan 117] EOF sent (117)
2026-06-30 17:45:09 [DEBUG] paramiko.transport: [chan 118] Max packet in: 32768 bytes
2026-06-30 17:45:09 [DEBUG] paramiko.transport: [chan 118] Max packet out: 32768 bytes
2026-06-30 17:45:09 [DEBUG] paramiko.transport: Secsh channel 118 opened.
2026-06-30 17:45:09 [DEBUG] paramiko.transport: [chan 118] Sesch channel 118 request ok
2026-06-30 17:45:09 [DEBUG] paramiko.transport: [chan 118] EOF received (118)
2026-06-30 17:45:09 [DEBUG] paramiko.transport: [chan 118] EOF sent (118)
2026-06-30 17:45:09 [DEBUG] paramiko.transport: [chan 119] Max packet in: 32768 bytes
2026-06-30 17:45:09 [DEBUG] paramiko.transport: [chan 119] Max packet out: 32768 bytes
2026-06-30 17:45:09 [DEBUG] paramiko.transport: Secsh channel 119 opened.
2026-06-30 17:45:09 [DEBUG] paramiko.transport: [chan 119] Sesch channel 119 request ok
2026-06-30 17:45:09 [DEBUG] paramiko.transport: [chan 119] EOF received (119)
2026-06-30 17:45:09 [DEBUG] paramiko.transport: [chan 119] EOF sent (119)
2026-06-30 17:45:10 [DEBUG] paramiko.transport: [chan 120] Max packet in: 32768 bytes
2026-06-30 17:45:10 [DEBUG] paramiko.transport: [chan 120] Max packet out: 32768 bytes
2026-06-30 17:45:10 [DEBUG] paramiko.transport: Secsh channel 120 opened.
2026-06-30 17:45:10 [DEBUG] paramiko.transport: [chan 120] Sesch channel 120 request ok
2026-06-30 17:45:10 [DEBUG] paramiko.transport: [chan 120] EOF received (120)
2026-06-30 17:45:10 [DEBUG] paramiko.transport: [chan 120] EOF sent (120)
2026-06-30 17:46:41 [ERROR] paramiko.transport: Socket exception: 远程主机强迫关闭了一个现有的连接。 (10054)
2026-06-30 18:48:46 [INFO] mission_grid_app.main: MissionGrid 地面站退出
